{
  "stats": {
    "suites": 4,
    "tests": 16,
    "passes": 16,
    "pending": 0,
    "failures": 0,
    "start": "2022-11-25T11:49:20.473Z",
    "end": "2022-11-25T11:49:34.201Z",
    "duration": 13728,
    "testsRegistered": 16,
    "passPercent": 100,
    "pendingPercent": 0,
    "other": 0,
    "hasOther": false,
    "skipped": 0,
    "hasSkipped": false
  },
  "results": [
    {
      "uuid": "d7e08589-d256-4aa1-a3b1-357ab69b6317",
      "title": "",
      "fullFile": "",
      "file": "",
      "beforeHooks": [],
      "afterHooks": [],
      "tests": [],
      "suites": [
        {
          "uuid": "39df9fa2-61da-4f8b-8e5c-124377bd101a",
          "title": "User Registration",
          "fullFile": "D:\\Kuliah\\Sanbercode\\Tugas-Pekanan-4-API-Automation\\API\\script\\api-adequateshop.js",
          "file": "\\API\\script\\api-adequateshop.js",
          "beforeHooks": [],
          "afterHooks": [],
          "tests": [
            {
              "title": "Registration User Success",
              "fullTitle": "User Registration Registration User Success",
              "timedOut": false,
              "duration": 1331,
              "state": "passed",
              "speed": "slow",
              "pass": true,
              "fail": false,
              "pending": false,
              "context": null,
              "code": "const response = await request\n    .post(\"/api/authaccount/registration\")\n    .send({\n        \"name\" : TEST_DATA.name,\n        \"email\" : randomNum+TEST_DATA.email,\n        \"password\" : TEST_DATA.password\n    });\nexpect(response.status).to.eql(200);\nexpect(response.body.message).to.eql(\"success\");\nexpect(response.body.data.Name).to.eql(TEST_DATA.name);\nexpect(response.body.data.Email).to.eql(randomNum+TEST_DATA.email);",
              "err": {},
              "uuid": "7189f69c-2ce5-4702-9d16-4c5f6f39c630",
              "parentUUID": "39df9fa2-61da-4f8b-8e5c-124377bd101a",
              "isHook": false,
              "skipped": false
            },
            {
              "title": "Registration User Failed - With Out Name",
              "fullTitle": "User Registration Registration User Failed - With Out Name",
              "timedOut": false,
              "duration": 204,
              "state": "passed",
              "speed": "slow",
              "pass": true,
              "fail": false,
              "pending": false,
              "context": null,
              "code": "const response = await request\n    .post(\"/api/authaccount/registration\")\n    .send({\n        \"name\" : \"\",\n        \"email\" : randomNum+TEST_DATA.email,\n        \"password\" : TEST_DATA.password\n    });\nexpect(response.status).to.eql(400);\nexpect(response.body.Message).to.eql(\"The request is invalid.\");",
              "err": {},
              "uuid": "7301c124-9266-46ce-b1f1-683d98fb639a",
              "parentUUID": "39df9fa2-61da-4f8b-8e5c-124377bd101a",
              "isHook": false,
              "skipped": false
            },
            {
              "title": "Registration User Failed - With Out Email",
              "fullTitle": "User Registration Registration User Failed - With Out Email",
              "timedOut": false,
              "duration": 201,
              "state": "passed",
              "speed": "slow",
              "pass": true,
              "fail": false,
              "pending": false,
              "context": null,
              "code": "const response = await request\n    .post(\"/api/authaccount/registration\")\n    .send({\n        \"name\" : TEST_DATA.name,\n        \"email\" : \"\",\n        \"password\" : TEST_DATA.password\n    });\nexpect(response.status).to.eql(400);\nexpect(response.body.Message).to.eql(\"The request is invalid.\");",
              "err": {},
              "uuid": "d3491150-aa8e-4a1d-b3fa-9412dd23daa4",
              "parentUUID": "39df9fa2-61da-4f8b-8e5c-124377bd101a",
              "isHook": false,
              "skipped": false
            },
            {
              "title": "Registration User Failed - With Out Password",
              "fullTitle": "User Registration Registration User Failed - With Out Password",
              "timedOut": false,
              "duration": 202,
              "state": "passed",
              "speed": "slow",
              "pass": true,
              "fail": false,
              "pending": false,
              "context": null,
              "code": "const response = await request\n    .post(\"/api/authaccount/registration\")\n    .send({\n        \"name\" : TEST_DATA.name,\n        \"email\" : randomNum+TEST_DATA.email,\n        \"password\" : \"\"\n    });\nexpect(response.status).to.eql(400);\nexpect(response.body.Message).to.eql(\"The request is invalid.\");",
              "err": {},
              "uuid": "1685853a-d9e3-4d0b-9e90-1d2964dab9d0",
              "parentUUID": "39df9fa2-61da-4f8b-8e5c-124377bd101a",
              "isHook": false,
              "skipped": false
            },
            {
              "title": "Registration User Failed - Email Already Registered",
              "fullTitle": "User Registration Registration User Failed - Email Already Registered",
              "timedOut": false,
              "duration": 247,
              "state": "passed",
              "speed": "slow",
              "pass": true,
              "fail": false,
              "pending": false,
              "context": null,
              "code": "const response = await request\n    .post(\"/api/authaccount/registration\")\n    .send({\n        \"name\" : TEST_DATA.name,\n        \"email\" : randomNum+TEST_DATA.email,\n        \"password\" : TEST_DATA.password\n    });\nexpect(response.status).to.eql(200);\nexpect(response.body.message).to.eql(\"The email address you have entered is already registered\");",
              "err": {},
              "uuid": "b3fac264-2c0b-4f1e-a75b-bdd440e11147",
              "parentUUID": "39df9fa2-61da-4f8b-8e5c-124377bd101a",
              "isHook": false,
              "skipped": false
            }
          ],
          "suites": [],
          "passes": [
            "7189f69c-2ce5-4702-9d16-4c5f6f39c630",
            "7301c124-9266-46ce-b1f1-683d98fb639a",
            "d3491150-aa8e-4a1d-b3fa-9412dd23daa4",
            "1685853a-d9e3-4d0b-9e90-1d2964dab9d0",
            "b3fac264-2c0b-4f1e-a75b-bdd440e11147"
          ],
          "failures": [],
          "pending": [],
          "skipped": [],
          "duration": 2185,
          "root": false,
          "rootEmpty": false,
          "_timeout": 2000
        },
        {
          "uuid": "e11f2a89-8272-4d25-a249-20a619632188",
          "title": "User Login",
          "fullFile": "D:\\Kuliah\\Sanbercode\\Tugas-Pekanan-4-API-Automation\\API\\script\\api-adequateshop.js",
          "file": "\\API\\script\\api-adequateshop.js",
          "beforeHooks": [],
          "afterHooks": [],
          "tests": [
            {
              "title": "Login Success",
              "fullTitle": "User Login Login Success",
              "timedOut": false,
              "duration": 210,
              "state": "passed",
              "speed": "slow",
              "pass": true,
              "fail": false,
              "pending": false,
              "context": null,
              "code": "const response = await request\n    .post(\"/api/authaccount/login\")\n    .send({\n        \"email\" : randomNum+TEST_DATA.email,\n        \"password\" : TEST_DATA.password\n    });\n\ntoken = response.body.data.Token;\nexpect(response.status).to.eql(200);\nexpect(response.body.message).to.eql(\"success\");\nexpect(response.body.data.Name).to.eql(TEST_DATA.name);\nexpect(response.body.data.Email).to.eql(randomNum+TEST_DATA.email);",
              "err": {},
              "uuid": "a287f14c-6335-4443-9a03-3dc1935a3e5a",
              "parentUUID": "e11f2a89-8272-4d25-a249-20a619632188",
              "isHook": false,
              "skipped": false
            },
            {
              "title": "Login Failed - Unregistered Email",
              "fullTitle": "User Login Login Failed - Unregistered Email",
              "timedOut": false,
              "duration": 234,
              "state": "passed",
              "speed": "slow",
              "pass": true,
              "fail": false,
              "pending": false,
              "context": null,
              "code": "const response = await request\n    .post(\"/api/authaccount/login\")\n    .send({\n        \"email\" : \"farauNotRegistered@givmail.com\",\n        \"password\" : TEST_DATA.password\n    });\nexpect(response.status).to.eql(200);\nexpect(response.body.message).to.eql(\"invalid username or password\");",
              "err": {},
              "uuid": "180ea637-14ac-4cb3-8391-05b8afe56205",
              "parentUUID": "e11f2a89-8272-4d25-a249-20a619632188",
              "isHook": false,
              "skipped": false
            },
            {
              "title": "Login Failed - Invalid Password",
              "fullTitle": "User Login Login Failed - Invalid Password",
              "timedOut": false,
              "duration": 9230,
              "state": "passed",
              "speed": "slow",
              "pass": true,
              "fail": false,
              "pending": false,
              "context": null,
              "code": "const response = await request\n    .post(\"/api/authaccount/login\")\n    .send({\n        \"email\" : randomNum+TEST_DATA.email,\n        \"password\" : randomNum+TEST_DATA.password\n    });\nexpect(response.status).to.eql(200);\nexpect(response.body.message).to.eql(\"invalid username or password\");",
              "err": {},
              "uuid": "43559a8f-dd96-4624-abd6-580d5ee4375f",
              "parentUUID": "e11f2a89-8272-4d25-a249-20a619632188",
              "isHook": false,
              "skipped": false
            },
            {
              "title": "Login Failed - Empty Email",
              "fullTitle": "User Login Login Failed - Empty Email",
              "timedOut": false,
              "duration": 239,
              "state": "passed",
              "speed": "slow",
              "pass": true,
              "fail": false,
              "pending": false,
              "context": null,
              "code": "const response = await request\n    .post(\"/api/authaccount/login\")\n    .send({\n        \"email\" : \"\",\n        \"password\" : randomNum+TEST_DATA.password\n    });\nexpect(response.status).to.eql(400);\nexpect(response.body.Message).to.eql(\"The request is invalid.\");",
              "err": {},
              "uuid": "cf76b791-f8f9-4323-943e-00a584c8cc73",
              "parentUUID": "e11f2a89-8272-4d25-a249-20a619632188",
              "isHook": false,
              "skipped": false
            },
            {
              "title": "Login Failed - Empty Password",
              "fullTitle": "User Login Login Failed - Empty Password",
              "timedOut": false,
              "duration": 209,
              "state": "passed",
              "speed": "slow",
              "pass": true,
              "fail": false,
              "pending": false,
              "context": null,
              "code": "const response = await request\n    .post(\"/api/authaccount/login\")\n    .send({\n        \"email\" : randomNum+TEST_DATA.email,\n        \"password\" : \"\"\n    });\nexpect(response.status).to.eql(400);\nexpect(response.body.Message).to.eql(\"The request is invalid.\");",
              "err": {},
              "uuid": "14171ff7-f936-4912-ac73-6babe69ec81a",
              "parentUUID": "e11f2a89-8272-4d25-a249-20a619632188",
              "isHook": false,
              "skipped": false
            }
          ],
          "suites": [],
          "passes": [
            "a287f14c-6335-4443-9a03-3dc1935a3e5a",
            "180ea637-14ac-4cb3-8391-05b8afe56205",
            "43559a8f-dd96-4624-abd6-580d5ee4375f",
            "cf76b791-f8f9-4323-943e-00a584c8cc73",
            "14171ff7-f936-4912-ac73-6babe69ec81a"
          ],
          "failures": [],
          "pending": [],
          "skipped": [],
          "duration": 10122,
          "root": false,
          "rootEmpty": false,
          "_timeout": 2000
        },
        {
          "uuid": "03a166d3-3461-43c0-a187-c622647b5258",
          "title": "Create User",
          "fullFile": "D:\\Kuliah\\Sanbercode\\Tugas-Pekanan-4-API-Automation\\API\\script\\api-adequateshop.js",
          "file": "\\API\\script\\api-adequateshop.js",
          "beforeHooks": [],
          "afterHooks": [],
          "tests": [
            {
              "title": "Create User Success",
              "fullTitle": "Create User Create User Success",
              "timedOut": false,
              "duration": 257,
              "state": "passed",
              "speed": "slow",
              "pass": true,
              "fail": false,
              "pending": false,
              "context": null,
              "code": "const response = await request\n    .post(\"/api/users\")\n    .set({ Authorization: \"Bearer \"+token})\n    .send({\n        \"name\": TEST_DATA.user_name,\n        \"email\": randomNum+TEST_DATA.user_email,\n        \"location\": TEST_DATA.location\n    });\nuser_ID = response.body.id \nexpect(response.status).to.eql(201);\nexpect(response.body.name).to.eql(TEST_DATA.user_name);\nexpect(response.body.email).to.eql(randomNum+TEST_DATA.user_email);",
              "err": {},
              "uuid": "05d0f264-84c6-4cdb-ab93-9ebcc7c724fb",
              "parentUUID": "03a166d3-3461-43c0-a187-c622647b5258",
              "isHook": false,
              "skipped": false
            },
            {
              "title": "Create User Failed - Registered Email",
              "fullTitle": "Create User Create User Failed - Registered Email",
              "timedOut": false,
              "duration": 257,
              "state": "passed",
              "speed": "slow",
              "pass": true,
              "fail": false,
              "pending": false,
              "context": null,
              "code": "const response = await request\n    .post(\"/api/users\")\n    .set({ Authorization: \"Bearer \"+token})\n    .send({\n        \"name\": TEST_DATA.user_name,\n        \"email\": randomNum+TEST_DATA.user_email,\n        \"location\": TEST_DATA.location\n    });\nexpect(response.status).to.eql(400);\nexpect(response.body.Message).to.eql(\"Pleae try with different email address!\");",
              "err": {},
              "uuid": "a932279e-a1b9-4980-8325-406f7aacc33a",
              "parentUUID": "03a166d3-3461-43c0-a187-c622647b5258",
              "isHook": false,
              "skipped": false
            },
            {
              "title": "Create User Failed - Invalid Token",
              "fullTitle": "Create User Create User Failed - Invalid Token",
              "timedOut": false,
              "duration": 226,
              "state": "passed",
              "speed": "slow",
              "pass": true,
              "fail": false,
              "pending": false,
              "context": null,
              "code": "const response = await request\n    .post(\"/api/users\")\n    .set({ Authorization: \"Bearer 944743cd-510f-4e73-9b30-53c069698891\"})\n    .send({\n        \"name\": TEST_DATA.user_name,\n        \"email\": randomNum+TEST_DATA.user_email,\n        \"location\": TEST_DATA.location\n    });\nexpect(response.status).to.eql(401);",
              "err": {},
              "uuid": "59eebd57-3cf7-4ce3-a9e3-75439ce070e5",
              "parentUUID": "03a166d3-3461-43c0-a187-c622647b5258",
              "isHook": false,
              "skipped": false
            }
          ],
          "suites": [],
          "passes": [
            "05d0f264-84c6-4cdb-ab93-9ebcc7c724fb",
            "a932279e-a1b9-4980-8325-406f7aacc33a",
            "59eebd57-3cf7-4ce3-a9e3-75439ce070e5"
          ],
          "failures": [],
          "pending": [],
          "skipped": [],
          "duration": 740,
          "root": false,
          "rootEmpty": false,
          "_timeout": 2000
        },
        {
          "uuid": "3e95bd06-99e4-4a67-8264-f00d08615d6d",
          "title": "GET User By ID",
          "fullFile": "D:\\Kuliah\\Sanbercode\\Tugas-Pekanan-4-API-Automation\\API\\script\\api-adequateshop.js",
          "file": "\\API\\script\\api-adequateshop.js",
          "beforeHooks": [],
          "afterHooks": [],
          "tests": [
            {
              "title": "GET User By ID Success",
              "fullTitle": "GET User By ID GET User By ID Success",
              "timedOut": false,
              "duration": 231,
              "state": "passed",
              "speed": "slow",
              "pass": true,
              "fail": false,
              "pending": false,
              "context": null,
              "code": "const response = await request\n    .get(\"/api/users/\"+user_ID)\n    .set({ Authorization: \"Bearer \"+token});\nexpect(response.status).to.eql(200);\nexpect(response.body.name).to.eql(TEST_DATA.user_name);",
              "err": {},
              "uuid": "39535ad0-ca78-46a2-aff3-ae1fd3bee193",
              "parentUUID": "3e95bd06-99e4-4a67-8264-f00d08615d6d",
              "isHook": false,
              "skipped": false
            },
            {
              "title": "GET User By ID Failed - Invalid User ID",
              "fullTitle": "GET User By ID GET User By ID Failed - Invalid User ID",
              "timedOut": false,
              "duration": 211,
              "state": "passed",
              "speed": "slow",
              "pass": true,
              "fail": false,
              "pending": false,
              "context": null,
              "code": "const response = await request\n    .get(\"/api/users/InvalidUserID\")\n    .set({ Authorization: \"Bearer \"+token});\nexpect(response.status).to.eql(400);\nexpect(response.body.Message).to.eql(\"The request is invalid.\");",
              "err": {},
              "uuid": "ffc6d593-2d3c-4cc6-a8df-75572bb40f70",
              "parentUUID": "3e95bd06-99e4-4a67-8264-f00d08615d6d",
              "isHook": false,
              "skipped": false
            },
            {
              "title": "GET User By ID Failed - Invalid Token",
              "fullTitle": "GET User By ID GET User By ID Failed - Invalid Token",
              "timedOut": false,
              "duration": 222,
              "state": "passed",
              "speed": "slow",
              "pass": true,
              "fail": false,
              "pending": false,
              "context": null,
              "code": "const response = await request\n    .get(\"/api/users/InvalidUserID\")\n    .set({ Authorization: \"Bearer 944743cd-510f-4e73-9b30-53c069698891\"});\nexpect(response.status).to.eql(401);",
              "err": {},
              "uuid": "1a4ad262-7d52-480a-a66c-e694ae1d9d7d",
              "parentUUID": "3e95bd06-99e4-4a67-8264-f00d08615d6d",
              "isHook": false,
              "skipped": false
            }
          ],
          "suites": [],
          "passes": [
            "39535ad0-ca78-46a2-aff3-ae1fd3bee193",
            "ffc6d593-2d3c-4cc6-a8df-75572bb40f70",
            "1a4ad262-7d52-480a-a66c-e694ae1d9d7d"
          ],
          "failures": [],
          "pending": [],
          "skipped": [],
          "duration": 664,
          "root": false,
          "rootEmpty": false,
          "_timeout": 2000
        }
      ],
      "passes": [],
      "failures": [],
      "pending": [],
      "skipped": [],
      "duration": 0,
      "root": true,
      "rootEmpty": true,
      "_timeout": 2000
    }
  ],
  "meta": {
    "mocha": {
      "version": "10.1.0"
    },
    "mochawesome": {
      "options": {
        "quiet": false,
        "reportFilename": "mochawesome",
        "saveHtml": true,
        "saveJson": true,
        "consoleReporter": "spec",
        "useInlineDiffs": false,
        "code": true
      },
      "version": "7.1.3"
    },
    "marge": {
      "options": null,
      "version": "6.2.0"
    }
  }
}